  Task4.cpp
C:\Users\Aradi\source\repos\ConsoleApplication9\ConsoleApplication9\Task4.cpp(14,10): warning C4566: символ, представленный универсальным именем символа "\u00C2", невозможно представить в текущей кодовой странице (1251)
C:\Users\Aradi\source\repos\ConsoleApplication9\ConsoleApplication9\Task4.cpp(14,10): warning C4566: символ, представленный универсальным именем символа "\u00E2", невозможно представить в текущей кодовой странице (1251)
C:\Users\Aradi\source\repos\ConsoleApplication9\ConsoleApplication9\Task4.cpp(14,10): warning C4566: символ, представленный универсальным именем символа "\u00E5", невозможно представить в текущей кодовой странице (1251)
C:\Users\Aradi\source\repos\ConsoleApplication9\ConsoleApplication9\Task4.cpp(14,10): warning C4566: символ, представленный универсальным именем символа "\u00E4", невозможно представить в текущей кодовой странице (1251)
C:\Users\Aradi\source\repos\ConsoleApplication9\ConsoleApplication9\Task4.cpp(14,10): warning C4566: символ, представленный универсальным именем символа "\u00E8", невозможно представить в текущей кодовой странице (1251)
C:\Users\Aradi\source\repos\ConsoleApplication9\ConsoleApplication9\Task4.cpp(14,10): warning C4566: символ, представленный универсальным именем символа "\u00F2", невозможно представить в текущей кодовой странице (1251)
C:\Users\Aradi\source\repos\ConsoleApplication9\ConsoleApplication9\Task4.cpp(17,10): warning C4566: символ, представленный универсальным именем символа "\u00C2", невозможно представить в текущей кодовой странице (1251)
C:\Users\Aradi\source\repos\ConsoleApplication9\ConsoleApplication9\Task4.cpp(17,10): warning C4566: символ, представленный универсальным именем символа "\u00E2", невозможно представить в текущей кодовой странице (1251)
C:\Users\Aradi\source\repos\ConsoleApplication9\ConsoleApplication9\Task4.cpp(17,10): warning C4566: символ, представленный универсальным именем символа "\u00E5", невозможно представить в текущей кодовой странице (1251)
C:\Users\Aradi\source\repos\ConsoleApplication9\ConsoleApplication9\Task4.cpp(17,10): warning C4566: символ, представленный универсальным именем символа "\u00E4", невозможно представить в текущей кодовой странице (1251)
C:\Users\Aradi\source\repos\ConsoleApplication9\ConsoleApplication9\Task4.cpp(17,10): warning C4566: символ, представленный универсальным именем символа "\u00E8", невозможно представить в текущей кодовой странице (1251)
C:\Users\Aradi\source\repos\ConsoleApplication9\ConsoleApplication9\Task4.cpp(17,10): warning C4566: символ, представленный универсальным именем символа "\u00F2", невозможно представить в текущей кодовой странице (1251)
C:\Users\Aradi\source\repos\ConsoleApplication9\ConsoleApplication9\Task4.cpp(20,10): warning C4566: символ, представленный универсальным именем символа "\u00C2", невозможно представить в текущей кодовой странице (1251)
C:\Users\Aradi\source\repos\ConsoleApplication9\ConsoleApplication9\Task4.cpp(20,10): warning C4566: символ, представленный универсальным именем символа "\u00E2", невозможно представить в текущей кодовой странице (1251)
C:\Users\Aradi\source\repos\ConsoleApplication9\ConsoleApplication9\Task4.cpp(20,10): warning C4566: символ, представленный универсальным именем символа "\u00E5", невозможно представить в текущей кодовой странице (1251)
C:\Users\Aradi\source\repos\ConsoleApplication9\ConsoleApplication9\Task4.cpp(20,10): warning C4566: символ, представленный универсальным именем символа "\u00E4", невозможно представить в текущей кодовой странице (1251)
C:\Users\Aradi\source\repos\ConsoleApplication9\ConsoleApplication9\Task4.cpp(20,10): warning C4566: символ, представленный универсальным именем символа "\u00E8", невозможно представить в текущей кодовой странице (1251)
C:\Users\Aradi\source\repos\ConsoleApplication9\ConsoleApplication9\Task4.cpp(20,10): warning C4566: символ, представленный универсальным именем символа "\u00F2", невозможно представить в текущей кодовой странице (1251)
C:\Users\Aradi\source\repos\ConsoleApplication9\ConsoleApplication9\Task4.cpp(25,10): warning C4566: символ, представленный универсальным именем символа "\u00CF", невозможно представить в текущей кодовой странице (1251)
C:\Users\Aradi\source\repos\ConsoleApplication9\ConsoleApplication9\Task4.cpp(25,10): warning C4566: символ, представленный универсальным именем символа "\u00F0", невозможно представить в текущей кодовой странице (1251)
C:\Users\Aradi\source\repos\ConsoleApplication9\ConsoleApplication9\Task4.cpp(25,10): warning C4566: символ, представленный универсальным именем символа "\u00E8", невозможно представить в текущей кодовой странице (1251)
C:\Users\Aradi\source\repos\ConsoleApplication9\ConsoleApplication9\Task4.cpp(25,35): warning C4566: символ, представленный универсальным именем символа "\u00EF", невозможно представить в текущей кодовой странице (1251)
C:\Users\Aradi\source\repos\ConsoleApplication9\ConsoleApplication9\Task4.cpp(25,35): warning C4566: символ, представленный универсальным именем символа "\u00F0", невозможно представить в текущей кодовой странице (1251)
C:\Users\Aradi\source\repos\ConsoleApplication9\ConsoleApplication9\Task4.cpp(25,35): warning C4566: символ, представленный универсальным именем символа "\u00E8", невозможно представить в текущей кодовой странице (1251)
C:\Users\Aradi\source\repos\ConsoleApplication9\ConsoleApplication9\Task4.cpp(25,60): warning C4566: символ, представленный универсальным именем символа "\u00EF", невозможно представить в текущей кодовой странице (1251)
C:\Users\Aradi\source\repos\ConsoleApplication9\ConsoleApplication9\Task4.cpp(25,60): warning C4566: символ, представленный универсальным именем символа "\u00F0", невозможно представить в текущей кодовой странице (1251)
C:\Users\Aradi\source\repos\ConsoleApplication9\ConsoleApplication9\Task4.cpp(25,60): warning C4566: символ, представленный универсальным именем символа "\u00E8", невозможно представить в текущей кодовой странице (1251)
  ConsoleApplication9.vcxproj -> C:\Users\Aradi\source\repos\ConsoleApplication9\x64\Debug\ConsoleApplication9.exe
