  Task5.cpp
C:\Users\Aradi\source\repos\task4\ConsoleApplication9\Task5.cpp(19,10): warning C4566: символ, представленный универсальным именем символа "\u00CF", невозможно представить в текущей кодовой странице (1251)
C:\Users\Aradi\source\repos\task4\ConsoleApplication9\Task5.cpp(19,10): warning C4566: символ, представленный универсальным именем символа "\u00F0", невозможно представить в текущей кодовой странице (1251)
C:\Users\Aradi\source\repos\task4\ConsoleApplication9\Task5.cpp(19,10): warning C4566: символ, представленный универсальным именем символа "\u00E8", невозможно представить в текущей кодовой странице (1251)
C:\Users\Aradi\source\repos\task4\ConsoleApplication9\Task5.cpp(19,34): warning C4566: символ, представленный универсальным именем символа "\u00EF", невозможно представить в текущей кодовой странице (1251)
C:\Users\Aradi\source\repos\task4\ConsoleApplication9\Task5.cpp(19,34): warning C4566: символ, представленный универсальным именем символа "\u00F0", невозможно представить в текущей кодовой странице (1251)
C:\Users\Aradi\source\repos\task4\ConsoleApplication9\Task5.cpp(19,34): warning C4566: символ, представленный универсальным именем символа "\u00E8", невозможно представить в текущей кодовой странице (1251)
C:\Users\Aradi\source\repos\task4\ConsoleApplication9\Task5.cpp(19,58): warning C4566: символ, представленный универсальным именем символа "\u00EF", невозможно представить в текущей кодовой странице (1251)
C:\Users\Aradi\source\repos\task4\ConsoleApplication9\Task5.cpp(19,58): warning C4566: символ, представленный универсальным именем символа "\u00F0", невозможно представить в текущей кодовой странице (1251)
C:\Users\Aradi\source\repos\task4\ConsoleApplication9\Task5.cpp(19,58): warning C4566: символ, представленный универсальным именем символа "\u00E8", невозможно представить в текущей кодовой странице (1251)
C:\Users\Aradi\source\repos\task4\ConsoleApplication9\Task5.cpp(22,10): warning C4566: символ, представленный универсальным именем символа "\u00C2", невозможно представить в текущей кодовой странице (1251)
C:\Users\Aradi\source\repos\task4\ConsoleApplication9\Task5.cpp(22,10): warning C4566: символ, представленный универсальным именем символа "\u00E2", невозможно представить в текущей кодовой странице (1251)
C:\Users\Aradi\source\repos\task4\ConsoleApplication9\Task5.cpp(22,10): warning C4566: символ, представленный универсальным именем символа "\u00E5", невозможно представить в текущей кодовой странице (1251)
C:\Users\Aradi\source\repos\task4\ConsoleApplication9\Task5.cpp(22,10): warning C4566: символ, представленный универсальным именем символа "\u00E4", невозможно представить в текущей кодовой странице (1251)
C:\Users\Aradi\source\repos\task4\ConsoleApplication9\Task5.cpp(22,10): warning C4566: символ, представленный универсальным именем символа "\u00E8", невозможно представить в текущей кодовой странице (1251)
C:\Users\Aradi\source\repos\task4\ConsoleApplication9\Task5.cpp(22,10): warning C4566: символ, представленный универсальным именем символа "\u00F2", невозможно представить в текущей кодовой странице (1251)
C:\Users\Aradi\source\repos\task4\ConsoleApplication9\Task5.cpp(25,10): warning C4566: символ, представленный универсальным именем символа "\u00C2", невозможно представить в текущей кодовой странице (1251)
C:\Users\Aradi\source\repos\task4\ConsoleApplication9\Task5.cpp(25,10): warning C4566: символ, представленный универсальным именем символа "\u00E2", невозможно представить в текущей кодовой странице (1251)
C:\Users\Aradi\source\repos\task4\ConsoleApplication9\Task5.cpp(25,10): warning C4566: символ, представленный универсальным именем символа "\u00E5", невозможно представить в текущей кодовой странице (1251)
C:\Users\Aradi\source\repos\task4\ConsoleApplication9\Task5.cpp(25,10): warning C4566: символ, представленный универсальным именем символа "\u00E4", невозможно представить в текущей кодовой странице (1251)
C:\Users\Aradi\source\repos\task4\ConsoleApplication9\Task5.cpp(25,10): warning C4566: символ, представленный универсальным именем символа "\u00E8", невозможно представить в текущей кодовой странице (1251)
C:\Users\Aradi\source\repos\task4\ConsoleApplication9\Task5.cpp(25,10): warning C4566: символ, представленный универсальным именем символа "\u00F2", невозможно представить в текущей кодовой странице (1251)
C:\Users\Aradi\source\repos\task4\ConsoleApplication9\Task5.cpp(28,10): warning C4566: символ, представленный универсальным именем символа "\u00C2", невозможно представить в текущей кодовой странице (1251)
C:\Users\Aradi\source\repos\task4\ConsoleApplication9\Task5.cpp(28,10): warning C4566: символ, представленный универсальным именем символа "\u00E2", невозможно представить в текущей кодовой странице (1251)
C:\Users\Aradi\source\repos\task4\ConsoleApplication9\Task5.cpp(28,10): warning C4566: символ, представленный универсальным именем символа "\u00E5", невозможно представить в текущей кодовой странице (1251)
C:\Users\Aradi\source\repos\task4\ConsoleApplication9\Task5.cpp(28,10): warning C4566: символ, представленный универсальным именем символа "\u00E4", невозможно представить в текущей кодовой странице (1251)
C:\Users\Aradi\source\repos\task4\ConsoleApplication9\Task5.cpp(28,10): warning C4566: символ, представленный универсальным именем символа "\u00E8", невозможно представить в текущей кодовой странице (1251)
C:\Users\Aradi\source\repos\task4\ConsoleApplication9\Task5.cpp(28,10): warning C4566: символ, представленный универсальным именем символа "\u00F2", невозможно представить в текущей кодовой странице (1251)
C:\Users\Aradi\source\repos\task4\ConsoleApplication9\Task5.cpp(33,10): warning C4566: символ, представленный универсальным именем символа "\u00CF", невозможно представить в текущей кодовой странице (1251)
C:\Users\Aradi\source\repos\task4\ConsoleApplication9\Task5.cpp(33,10): warning C4566: символ, представленный универсальным именем символа "\u00F0", невозможно представить в текущей кодовой странице (1251)
C:\Users\Aradi\source\repos\task4\ConsoleApplication9\Task5.cpp(33,10): warning C4566: символ, представленный универсальным именем символа "\u00E8", невозможно представить в текущей кодовой странице (1251)
C:\Users\Aradi\source\repos\task4\ConsoleApplication9\Task5.cpp(33,35): warning C4566: символ, представленный универсальным именем символа "\u00EF", невозможно представить в текущей кодовой странице (1251)
C:\Users\Aradi\source\repos\task4\ConsoleApplication9\Task5.cpp(33,35): warning C4566: символ, представленный универсальным именем символа "\u00F0", невозможно представить в текущей кодовой странице (1251)
C:\Users\Aradi\source\repos\task4\ConsoleApplication9\Task5.cpp(33,35): warning C4566: символ, представленный универсальным именем символа "\u00E8", невозможно представить в текущей кодовой странице (1251)
C:\Users\Aradi\source\repos\task4\ConsoleApplication9\Task5.cpp(33,60): warning C4566: символ, представленный универсальным именем символа "\u00EF", невозможно представить в текущей кодовой странице (1251)
C:\Users\Aradi\source\repos\task4\ConsoleApplication9\Task5.cpp(33,60): warning C4566: символ, представленный универсальным именем символа "\u00F0", невозможно представить в текущей кодовой странице (1251)
C:\Users\Aradi\source\repos\task4\ConsoleApplication9\Task5.cpp(33,60): warning C4566: символ, представленный универсальным именем символа "\u00E8", невозможно представить в текущей кодовой странице (1251)
  Task5_func.c
C:\Users\Aradi\source\repos\task4\ConsoleApplication9\Task5_func.c(3,9): warning C4013: sqrt: нет определения; предполагается "extern" с возвратом типа "int"
C:\Users\Aradi\source\repos\task4\ConsoleApplication9\Task5_func.c(3,26): warning C4013: pow: нет определения; предполагается "extern" с возвратом типа "int"
  ConsoleApplication9.vcxproj -> C:\Users\Aradi\source\repos\task4\x64\Debug\ConsoleApplication9.exe
